[0.015s] Invoking command in '/home/pboon09/ros2_level2/build/my_robot_bringup': CMAKE_PREFIX_PATH=${CMAKE_PREFIX_PATH}:/home/pboon09/ros2_ws/install/try_topic_py:/home/pboon09/ros2_ws/install/service_py:/home/pboon09/ros2_ws/install/custom_msg_py:/home/pboon09/ros2_ws/install/activity_custom_interface:/home/pboon09/ros2_ws/install/my_py_pkg:/home/pboon09/ros2_ws/install/activity_topic_node:/home/pboon09/ros2_ws/install/activity_service:/home/pboon09/microros_ws/install/sensor_msgs_py:/opt/ros/humble /usr/bin/cmake --build /home/pboon09/ros2_level2/build/my_robot_bringup -- -j12 -l12
[0.083s] Invoked command in '/home/pboon09/ros2_level2/build/my_robot_bringup' returned '0': CMAKE_PREFIX_PATH=${CMAKE_PREFIX_PATH}:/home/pboon09/ros2_ws/install/try_topic_py:/home/pboon09/ros2_ws/install/service_py:/home/pboon09/ros2_ws/install/custom_msg_py:/home/pboon09/ros2_ws/install/activity_custom_interface:/home/pboon09/ros2_ws/install/my_py_pkg:/home/pboon09/ros2_ws/install/activity_topic_node:/home/pboon09/ros2_ws/install/activity_service:/home/pboon09/microros_ws/install/sensor_msgs_py:/opt/ros/humble /usr/bin/cmake --build /home/pboon09/ros2_level2/build/my_robot_bringup -- -j12 -l12
[0.134s] Invoking command in '/home/pboon09/ros2_level2/build/my_robot_bringup': CMAKE_PREFIX_PATH=${CMAKE_PREFIX_PATH}:/home/pboon09/ros2_ws/install/try_topic_py:/home/pboon09/ros2_ws/install/service_py:/home/pboon09/ros2_ws/install/custom_msg_py:/home/pboon09/ros2_ws/install/activity_custom_interface:/home/pboon09/ros2_ws/install/my_py_pkg:/home/pboon09/ros2_ws/install/activity_topic_node:/home/pboon09/ros2_ws/install/activity_service:/home/pboon09/microros_ws/install/sensor_msgs_py:/opt/ros/humble /usr/bin/cmake --install /home/pboon09/ros2_level2/build/my_robot_bringup
[0.149s] -- Install configuration: ""
[0.150s] -- Execute custom install script
[0.150s] -- Up-to-date symlink: /home/pboon09/ros2_level2/install/my_robot_bringup/share/my_robot_bringup//launch/my_robot_gazebo.launch.xml
[0.150s] -- Symlinking: /home/pboon09/ros2_level2/install/my_robot_bringup/share/my_robot_bringup//rviz/urdf_config.rviz
[0.167s] -- Up-to-date symlink: /home/pboon09/ros2_level2/install/my_robot_bringup/share/ament_index/resource_index/package_run_dependencies/my_robot_bringup
[0.167s] -- Up-to-date symlink: /home/pboon09/ros2_level2/install/my_robot_bringup/share/ament_index/resource_index/parent_prefix_path/my_robot_bringup
[0.168s] -- Up-to-date symlink: /home/pboon09/ros2_level2/install/my_robot_bringup/share/my_robot_bringup/environment/ament_prefix_path.sh
[0.168s] -- Up-to-date symlink: /home/pboon09/ros2_level2/install/my_robot_bringup/share/my_robot_bringup/environment/ament_prefix_path.dsv
[0.168s] -- Up-to-date symlink: /home/pboon09/ros2_level2/install/my_robot_bringup/share/my_robot_bringup/environment/path.sh
[0.168s] -- Up-to-date symlink: /home/pboon09/ros2_level2/install/my_robot_bringup/share/my_robot_bringup/environment/path.dsv
[0.168s] -- Up-to-date symlink: /home/pboon09/ros2_level2/install/my_robot_bringup/share/my_robot_bringup/local_setup.bash
[0.168s] -- Up-to-date symlink: /home/pboon09/ros2_level2/install/my_robot_bringup/share/my_robot_bringup/local_setup.sh
[0.168s] -- Up-to-date symlink: /home/pboon09/ros2_level2/install/my_robot_bringup/share/my_robot_bringup/local_setup.zsh
[0.168s] -- Up-to-date symlink: /home/pboon09/ros2_level2/install/my_robot_bringup/share/my_robot_bringup/local_setup.dsv
[0.168s] -- Symlinking: /home/pboon09/ros2_level2/install/my_robot_bringup/share/my_robot_bringup/package.dsv
[0.183s] -- Up-to-date symlink: /home/pboon09/ros2_level2/install/my_robot_bringup/share/ament_index/resource_index/packages/my_robot_bringup
[0.183s] -- Up-to-date symlink: /home/pboon09/ros2_level2/install/my_robot_bringup/share/my_robot_bringup/cmake/my_robot_bringupConfig.cmake
[0.183s] -- Up-to-date symlink: /home/pboon09/ros2_level2/install/my_robot_bringup/share/my_robot_bringup/cmake/my_robot_bringupConfig-version.cmake
[0.183s] -- Up-to-date symlink: /home/pboon09/ros2_level2/install/my_robot_bringup/share/my_robot_bringup/package.xml
[0.187s] Invoked command in '/home/pboon09/ros2_level2/build/my_robot_bringup' returned '0': CMAKE_PREFIX_PATH=${CMAKE_PREFIX_PATH}:/home/pboon09/ros2_ws/install/try_topic_py:/home/pboon09/ros2_ws/install/service_py:/home/pboon09/ros2_ws/install/custom_msg_py:/home/pboon09/ros2_ws/install/activity_custom_interface:/home/pboon09/ros2_ws/install/my_py_pkg:/home/pboon09/ros2_ws/install/activity_topic_node:/home/pboon09/ros2_ws/install/activity_service:/home/pboon09/microros_ws/install/sensor_msgs_py:/opt/ros/humble /usr/bin/cmake --install /home/pboon09/ros2_level2/build/my_robot_bringup
