[0.019s] Invoking command in '/home/pboon09/ros2_level2/build/my_robot_description': CMAKE_PREFIX_PATH=${CMAKE_PREFIX_PATH}:/home/pboon09/ros2_ws/install/try_topic_py:/home/pboon09/ros2_ws/install/service_py:/home/pboon09/ros2_ws/install/custom_msg_py:/home/pboon09/ros2_ws/install/activity_custom_interface:/home/pboon09/ros2_ws/install/my_py_pkg:/home/pboon09/ros2_ws/install/activity_topic_node:/home/pboon09/ros2_ws/install/activity_service:/home/pboon09/microros_ws/install/sensor_msgs_py:/opt/ros/humble /usr/bin/cmake --build /home/pboon09/ros2_level2/build/my_robot_description -- -j12 -l12
[0.089s] Invoked command in '/home/pboon09/ros2_level2/build/my_robot_description' returned '0': CMAKE_PREFIX_PATH=${CMAKE_PREFIX_PATH}:/home/pboon09/ros2_ws/install/try_topic_py:/home/pboon09/ros2_ws/install/service_py:/home/pboon09/ros2_ws/install/custom_msg_py:/home/pboon09/ros2_ws/install/activity_custom_interface:/home/pboon09/ros2_ws/install/my_py_pkg:/home/pboon09/ros2_ws/install/activity_topic_node:/home/pboon09/ros2_ws/install/activity_service:/home/pboon09/microros_ws/install/sensor_msgs_py:/opt/ros/humble /usr/bin/cmake --build /home/pboon09/ros2_level2/build/my_robot_description -- -j12 -l12
[0.156s] Invoking command in '/home/pboon09/ros2_level2/build/my_robot_description': CMAKE_PREFIX_PATH=${CMAKE_PREFIX_PATH}:/home/pboon09/ros2_ws/install/try_topic_py:/home/pboon09/ros2_ws/install/service_py:/home/pboon09/ros2_ws/install/custom_msg_py:/home/pboon09/ros2_ws/install/activity_custom_interface:/home/pboon09/ros2_ws/install/my_py_pkg:/home/pboon09/ros2_ws/install/activity_topic_node:/home/pboon09/ros2_ws/install/activity_service:/home/pboon09/microros_ws/install/sensor_msgs_py:/opt/ros/humble /usr/bin/cmake --install /home/pboon09/ros2_level2/build/my_robot_description
[0.170s] -- Install configuration: ""
[0.170s] -- Up-to-date: /home/pboon09/ros2_level2/install/my_robot_description/share/my_robot_description//urdf
[0.170s] -- Up-to-date: /home/pboon09/ros2_level2/install/my_robot_description/share/my_robot_description//urdf/my_robot.urdf
[0.171s] -- Up-to-date: /home/pboon09/ros2_level2/install/my_robot_description/share/my_robot_description//urdf/robot_with_wheel.urdf
[0.171s] -- Up-to-date: /home/pboon09/ros2_level2/install/my_robot_description/share/my_robot_description//launch
[0.171s] -- Installing: /home/pboon09/ros2_level2/install/my_robot_description/share/my_robot_description//launch/display.launch.py
[0.171s] -- Up-to-date: /home/pboon09/ros2_level2/install/my_robot_description/share/my_robot_description//launch/display.launch.xml
[0.171s] -- Up-to-date: /home/pboon09/ros2_level2/install/my_robot_description/share/ament_index/resource_index/package_run_dependencies/my_robot_description
[0.171s] -- Up-to-date: /home/pboon09/ros2_level2/install/my_robot_description/share/ament_index/resource_index/parent_prefix_path/my_robot_description
[0.172s] -- Up-to-date: /home/pboon09/ros2_level2/install/my_robot_description/share/my_robot_description/environment/ament_prefix_path.sh
[0.172s] -- Up-to-date: /home/pboon09/ros2_level2/install/my_robot_description/share/my_robot_description/environment/ament_prefix_path.dsv
[0.172s] -- Up-to-date: /home/pboon09/ros2_level2/install/my_robot_description/share/my_robot_description/environment/path.sh
[0.172s] -- Up-to-date: /home/pboon09/ros2_level2/install/my_robot_description/share/my_robot_description/environment/path.dsv
[0.172s] -- Up-to-date: /home/pboon09/ros2_level2/install/my_robot_description/share/my_robot_description/local_setup.bash
[0.172s] -- Up-to-date: /home/pboon09/ros2_level2/install/my_robot_description/share/my_robot_description/local_setup.sh
[0.172s] -- Up-to-date: /home/pboon09/ros2_level2/install/my_robot_description/share/my_robot_description/local_setup.zsh
[0.172s] -- Up-to-date: /home/pboon09/ros2_level2/install/my_robot_description/share/my_robot_description/local_setup.dsv
[0.172s] -- Installing: /home/pboon09/ros2_level2/install/my_robot_description/share/my_robot_description/package.dsv
[0.172s] -- Up-to-date: /home/pboon09/ros2_level2/install/my_robot_description/share/ament_index/resource_index/packages/my_robot_description
[0.172s] -- Up-to-date: /home/pboon09/ros2_level2/install/my_robot_description/share/my_robot_description/cmake/my_robot_descriptionConfig.cmake
[0.172s] -- Up-to-date: /home/pboon09/ros2_level2/install/my_robot_description/share/my_robot_description/cmake/my_robot_descriptionConfig-version.cmake
[0.172s] -- Up-to-date: /home/pboon09/ros2_level2/install/my_robot_description/share/my_robot_description/package.xml
[0.173s] Invoked command in '/home/pboon09/ros2_level2/build/my_robot_description' returned '0': CMAKE_PREFIX_PATH=${CMAKE_PREFIX_PATH}:/home/pboon09/ros2_ws/install/try_topic_py:/home/pboon09/ros2_ws/install/service_py:/home/pboon09/ros2_ws/install/custom_msg_py:/home/pboon09/ros2_ws/install/activity_custom_interface:/home/pboon09/ros2_ws/install/my_py_pkg:/home/pboon09/ros2_ws/install/activity_topic_node:/home/pboon09/ros2_ws/install/activity_service:/home/pboon09/microros_ws/install/sensor_msgs_py:/opt/ros/humble /usr/bin/cmake --install /home/pboon09/ros2_level2/build/my_robot_description
