[0.019s] Invoking command in '/home/pboon09/ros2_level2/build/my_robot_description': CMAKE_PREFIX_PATH=${CMAKE_PREFIX_PATH}:/home/pboon09/ros2_ws/install/try_topic_py:/home/pboon09/ros2_ws/install/service_py:/home/pboon09/ros2_ws/install/custom_msg_py:/home/pboon09/ros2_ws/install/activity_custom_interface:/home/pboon09/ros2_ws/install/my_py_pkg:/home/pboon09/ros2_ws/install/activity_topic_node:/home/pboon09/ros2_ws/install/activity_service:/home/pboon09/microros_ws/install/sensor_msgs_py:/opt/ros/humble /usr/bin/cmake --build /home/pboon09/ros2_level2/build/my_robot_description -- -j12 -l12
[0.092s] Invoked command in '/home/pboon09/ros2_level2/build/my_robot_description' returned '0': CMAKE_PREFIX_PATH=${CMAKE_PREFIX_PATH}:/home/pboon09/ros2_ws/install/try_topic_py:/home/pboon09/ros2_ws/install/service_py:/home/pboon09/ros2_ws/install/custom_msg_py:/home/pboon09/ros2_ws/install/activity_custom_interface:/home/pboon09/ros2_ws/install/my_py_pkg:/home/pboon09/ros2_ws/install/activity_topic_node:/home/pboon09/ros2_ws/install/activity_service:/home/pboon09/microros_ws/install/sensor_msgs_py:/opt/ros/humble /usr/bin/cmake --build /home/pboon09/ros2_level2/build/my_robot_description -- -j12 -l12
[0.165s] Invoking command in '/home/pboon09/ros2_level2/build/my_robot_description': CMAKE_PREFIX_PATH=${CMAKE_PREFIX_PATH}:/home/pboon09/ros2_ws/install/try_topic_py:/home/pboon09/ros2_ws/install/service_py:/home/pboon09/ros2_ws/install/custom_msg_py:/home/pboon09/ros2_ws/install/activity_custom_interface:/home/pboon09/ros2_ws/install/my_py_pkg:/home/pboon09/ros2_ws/install/activity_topic_node:/home/pboon09/ros2_ws/install/activity_service:/home/pboon09/microros_ws/install/sensor_msgs_py:/opt/ros/humble /usr/bin/cmake --install /home/pboon09/ros2_level2/build/my_robot_description
[0.178s] -- Install configuration: ""
[0.178s] -- Execute custom install script
[0.179s] -- Symlinking: /home/pboon09/ros2_level2/install/my_robot_description/share/my_robot_description//urdf/arm.xacro
[0.195s] -- Symlinking: /home/pboon09/ros2_level2/install/my_robot_description/share/my_robot_description//urdf/arm_gazebo.xacro
[0.211s] -- Up-to-date symlink: /home/pboon09/ros2_level2/install/my_robot_description/share/my_robot_description//urdf/camera.xacro
[0.211s] -- Up-to-date symlink: /home/pboon09/ros2_level2/install/my_robot_description/share/my_robot_description//urdf/common_properties.xacro
[0.211s] -- Up-to-date symlink: /home/pboon09/ros2_level2/install/my_robot_description/share/my_robot_description//urdf/mobile_base.xacro
[0.212s] -- Up-to-date symlink: /home/pboon09/ros2_level2/install/my_robot_description/share/my_robot_description//urdf/mobile_base_gazebo.xacro
[0.212s] -- Symlinking: /home/pboon09/ros2_level2/install/my_robot_description/share/my_robot_description//urdf/my_robot.urdf.xacro
[0.228s] -- Symlinking: /home/pboon09/ros2_level2/install/my_robot_description/share/my_robot_description//urdf/standalone_arm.urdf.xacro
[0.244s] -- Up-to-date symlink: /home/pboon09/ros2_level2/install/my_robot_description/share/my_robot_description//launch/display.launch.py
[0.244s] -- Up-to-date symlink: /home/pboon09/ros2_level2/install/my_robot_description/share/my_robot_description//launch/display.launch.xml
[0.244s] -- Up-to-date symlink: /home/pboon09/ros2_level2/install/my_robot_description/share/my_robot_description//rviz/urdf_config.rviz
[0.245s] -- Up-to-date symlink: /home/pboon09/ros2_level2/install/my_robot_description/share/ament_index/resource_index/package_run_dependencies/my_robot_description
[0.245s] -- Up-to-date symlink: /home/pboon09/ros2_level2/install/my_robot_description/share/ament_index/resource_index/parent_prefix_path/my_robot_description
[0.245s] -- Up-to-date symlink: /home/pboon09/ros2_level2/install/my_robot_description/share/my_robot_description/environment/ament_prefix_path.sh
[0.245s] -- Up-to-date symlink: /home/pboon09/ros2_level2/install/my_robot_description/share/my_robot_description/environment/ament_prefix_path.dsv
[0.245s] -- Up-to-date symlink: /home/pboon09/ros2_level2/install/my_robot_description/share/my_robot_description/environment/path.sh
[0.245s] -- Up-to-date symlink: /home/pboon09/ros2_level2/install/my_robot_description/share/my_robot_description/environment/path.dsv
[0.245s] -- Up-to-date symlink: /home/pboon09/ros2_level2/install/my_robot_description/share/my_robot_description/local_setup.bash
[0.245s] -- Up-to-date symlink: /home/pboon09/ros2_level2/install/my_robot_description/share/my_robot_description/local_setup.sh
[0.245s] -- Up-to-date symlink: /home/pboon09/ros2_level2/install/my_robot_description/share/my_robot_description/local_setup.zsh
[0.246s] -- Up-to-date symlink: /home/pboon09/ros2_level2/install/my_robot_description/share/my_robot_description/local_setup.dsv
[0.246s] -- Symlinking: /home/pboon09/ros2_level2/install/my_robot_description/share/my_robot_description/package.dsv
[0.262s] -- Up-to-date symlink: /home/pboon09/ros2_level2/install/my_robot_description/share/ament_index/resource_index/packages/my_robot_description
[0.262s] -- Up-to-date symlink: /home/pboon09/ros2_level2/install/my_robot_description/share/my_robot_description/cmake/my_robot_descriptionConfig.cmake
[0.262s] -- Up-to-date symlink: /home/pboon09/ros2_level2/install/my_robot_description/share/my_robot_description/cmake/my_robot_descriptionConfig-version.cmake
[0.263s] -- Up-to-date symlink: /home/pboon09/ros2_level2/install/my_robot_description/share/my_robot_description/package.xml
[0.266s] Invoked command in '/home/pboon09/ros2_level2/build/my_robot_description' returned '0': CMAKE_PREFIX_PATH=${CMAKE_PREFIX_PATH}:/home/pboon09/ros2_ws/install/try_topic_py:/home/pboon09/ros2_ws/install/service_py:/home/pboon09/ros2_ws/install/custom_msg_py:/home/pboon09/ros2_ws/install/activity_custom_interface:/home/pboon09/ros2_ws/install/my_py_pkg:/home/pboon09/ros2_ws/install/activity_topic_node:/home/pboon09/ros2_ws/install/activity_service:/home/pboon09/microros_ws/install/sensor_msgs_py:/opt/ros/humble /usr/bin/cmake --install /home/pboon09/ros2_level2/build/my_robot_description
