[0.018s] Invoking command in '/home/pboon09/ros2_level2/build/my_robot_description': CMAKE_PREFIX_PATH=${CMAKE_PREFIX_PATH}:/home/pboon09/ros2_ws/install/try_topic_py:/home/pboon09/ros2_ws/install/service_py:/home/pboon09/ros2_ws/install/custom_msg_py:/home/pboon09/ros2_ws/install/activity_custom_interface:/home/pboon09/ros2_ws/install/my_py_pkg:/home/pboon09/ros2_ws/install/activity_topic_node:/home/pboon09/ros2_ws/install/activity_service:/home/pboon09/microros_ws/install/sensor_msgs_py:/opt/ros/humble /usr/bin/cmake /home/pboon09/ros2_level2/src/my_robot_description -DAMENT_CMAKE_SYMLINK_INSTALL=1 -DCMAKE_INSTALL_PREFIX=/home/pboon09/ros2_level2/install/my_robot_description
[0.046s] -- Found ament_cmake: 1.3.9 (/opt/ros/humble/share/ament_cmake/cmake)
[0.204s] -- Override CMake install command with custom implementation using symlinks instead of copying resources
[0.298s] -- Configuring done
[0.304s] -- Generating done
[0.305s] -- Build files have been written to: /home/pboon09/ros2_level2/build/my_robot_description
[0.308s] Invoked command in '/home/pboon09/ros2_level2/build/my_robot_description' returned '0': CMAKE_PREFIX_PATH=${CMAKE_PREFIX_PATH}:/home/pboon09/ros2_ws/install/try_topic_py:/home/pboon09/ros2_ws/install/service_py:/home/pboon09/ros2_ws/install/custom_msg_py:/home/pboon09/ros2_ws/install/activity_custom_interface:/home/pboon09/ros2_ws/install/my_py_pkg:/home/pboon09/ros2_ws/install/activity_topic_node:/home/pboon09/ros2_ws/install/activity_service:/home/pboon09/microros_ws/install/sensor_msgs_py:/opt/ros/humble /usr/bin/cmake /home/pboon09/ros2_level2/src/my_robot_description -DAMENT_CMAKE_SYMLINK_INSTALL=1 -DCMAKE_INSTALL_PREFIX=/home/pboon09/ros2_level2/install/my_robot_description
[0.311s] Invoking command in '/home/pboon09/ros2_level2/build/my_robot_description': CMAKE_PREFIX_PATH=${CMAKE_PREFIX_PATH}:/home/pboon09/ros2_ws/install/try_topic_py:/home/pboon09/ros2_ws/install/service_py:/home/pboon09/ros2_ws/install/custom_msg_py:/home/pboon09/ros2_ws/install/activity_custom_interface:/home/pboon09/ros2_ws/install/my_py_pkg:/home/pboon09/ros2_ws/install/activity_topic_node:/home/pboon09/ros2_ws/install/activity_service:/home/pboon09/microros_ws/install/sensor_msgs_py:/opt/ros/humble /usr/bin/cmake --build /home/pboon09/ros2_level2/build/my_robot_description -- -j12 -l12
[0.376s] Invoked command in '/home/pboon09/ros2_level2/build/my_robot_description' returned '0': CMAKE_PREFIX_PATH=${CMAKE_PREFIX_PATH}:/home/pboon09/ros2_ws/install/try_topic_py:/home/pboon09/ros2_ws/install/service_py:/home/pboon09/ros2_ws/install/custom_msg_py:/home/pboon09/ros2_ws/install/activity_custom_interface:/home/pboon09/ros2_ws/install/my_py_pkg:/home/pboon09/ros2_ws/install/activity_topic_node:/home/pboon09/ros2_ws/install/activity_service:/home/pboon09/microros_ws/install/sensor_msgs_py:/opt/ros/humble /usr/bin/cmake --build /home/pboon09/ros2_level2/build/my_robot_description -- -j12 -l12
[0.444s] Invoking command in '/home/pboon09/ros2_level2/build/my_robot_description': CMAKE_PREFIX_PATH=${CMAKE_PREFIX_PATH}:/home/pboon09/ros2_ws/install/try_topic_py:/home/pboon09/ros2_ws/install/service_py:/home/pboon09/ros2_ws/install/custom_msg_py:/home/pboon09/ros2_ws/install/activity_custom_interface:/home/pboon09/ros2_ws/install/my_py_pkg:/home/pboon09/ros2_ws/install/activity_topic_node:/home/pboon09/ros2_ws/install/activity_service:/home/pboon09/microros_ws/install/sensor_msgs_py:/opt/ros/humble /usr/bin/cmake --install /home/pboon09/ros2_level2/build/my_robot_description
[0.457s] -- Install configuration: ""
[0.458s] -- Execute custom install script
[0.463s] -- Symlinking: /home/pboon09/ros2_level2/install/my_robot_description/share/my_robot_description//urdf/my_robot.urdf
[0.478s] -- Symlinking: /home/pboon09/ros2_level2/install/my_robot_description/share/my_robot_description//urdf/robot_with_wheel.urdf
[0.494s] -- Symlinking: /home/pboon09/ros2_level2/install/my_robot_description/share/my_robot_description//urdf/robot_with_wheel.urdf.xacro
[0.511s] -- Symlinking: /home/pboon09/ros2_level2/install/my_robot_description/share/my_robot_description//launch/display.launch.py
[0.526s] -- Symlinking: /home/pboon09/ros2_level2/install/my_robot_description/share/my_robot_description//launch/display.launch.xml
[0.542s] -- Symlinking: /home/pboon09/ros2_level2/install/my_robot_description/share/my_robot_description//rviz/urdf_config.urdf.rviz
[0.559s] -- Symlinking: /home/pboon09/ros2_level2/install/my_robot_description/share/ament_index/resource_index/package_run_dependencies/my_robot_description
[0.574s] -- Symlinking: /home/pboon09/ros2_level2/install/my_robot_description/share/ament_index/resource_index/parent_prefix_path/my_robot_description
[0.590s] -- Symlinking: /home/pboon09/ros2_level2/install/my_robot_description/share/my_robot_description/environment/ament_prefix_path.sh
[0.607s] -- Symlinking: /home/pboon09/ros2_level2/install/my_robot_description/share/my_robot_description/environment/ament_prefix_path.dsv
[0.624s] -- Symlinking: /home/pboon09/ros2_level2/install/my_robot_description/share/my_robot_description/environment/path.sh
[0.641s] -- Symlinking: /home/pboon09/ros2_level2/install/my_robot_description/share/my_robot_description/environment/path.dsv
[0.657s] -- Symlinking: /home/pboon09/ros2_level2/install/my_robot_description/share/my_robot_description/local_setup.bash
[0.673s] -- Symlinking: /home/pboon09/ros2_level2/install/my_robot_description/share/my_robot_description/local_setup.sh
[0.690s] -- Symlinking: /home/pboon09/ros2_level2/install/my_robot_description/share/my_robot_description/local_setup.zsh
[0.708s] -- Symlinking: /home/pboon09/ros2_level2/install/my_robot_description/share/my_robot_description/local_setup.dsv
[0.724s] -- Symlinking: /home/pboon09/ros2_level2/install/my_robot_description/share/my_robot_description/package.dsv
[0.751s] -- Symlinking: /home/pboon09/ros2_level2/install/my_robot_description/share/ament_index/resource_index/packages/my_robot_description
[0.767s] -- Symlinking: /home/pboon09/ros2_level2/install/my_robot_description/share/my_robot_description/cmake/my_robot_descriptionConfig.cmake
[0.783s] -- Symlinking: /home/pboon09/ros2_level2/install/my_robot_description/share/my_robot_description/cmake/my_robot_descriptionConfig-version.cmake
[0.799s] -- Symlinking: /home/pboon09/ros2_level2/install/my_robot_description/share/my_robot_description/package.xml
[0.819s] Invoked command in '/home/pboon09/ros2_level2/build/my_robot_description' returned '0': CMAKE_PREFIX_PATH=${CMAKE_PREFIX_PATH}:/home/pboon09/ros2_ws/install/try_topic_py:/home/pboon09/ros2_ws/install/service_py:/home/pboon09/ros2_ws/install/custom_msg_py:/home/pboon09/ros2_ws/install/activity_custom_interface:/home/pboon09/ros2_ws/install/my_py_pkg:/home/pboon09/ros2_ws/install/activity_topic_node:/home/pboon09/ros2_ws/install/activity_service:/home/pboon09/microros_ws/install/sensor_msgs_py:/opt/ros/humble /usr/bin/cmake --install /home/pboon09/ros2_level2/build/my_robot_description
