[0.018s] Invoking command in '/home/pboon09/ros2_level2/build/my_robot_bringup': CMAKE_PREFIX_PATH=${CMAKE_PREFIX_PATH}:/home/pboon09/ros2_ws/install/try_topic_py:/home/pboon09/ros2_ws/install/service_py:/home/pboon09/ros2_ws/install/custom_msg_py:/home/pboon09/ros2_ws/install/activity_custom_interface:/home/pboon09/ros2_ws/install/my_py_pkg:/home/pboon09/ros2_ws/install/activity_topic_node:/home/pboon09/ros2_ws/install/activity_service:/home/pboon09/microros_ws/install/sensor_msgs_py:/opt/ros/humble /usr/bin/cmake /home/pboon09/ros2_level2/src/my_robot_bringup -DAMENT_CMAKE_SYMLINK_INSTALL=1 -DCMAKE_INSTALL_PREFIX=/home/pboon09/ros2_level2/install/my_robot_bringup
[0.034s] -- Found ament_cmake: 1.3.9 (/opt/ros/humble/share/ament_cmake/cmake)
[0.182s] -- Override CMake install command with custom implementation using symlinks instead of copying resources
[0.268s] -- Configuring done
[0.270s] -- Generating done
[0.271s] -- Build files have been written to: /home/pboon09/ros2_level2/build/my_robot_bringup
[0.274s] Invoked command in '/home/pboon09/ros2_level2/build/my_robot_bringup' returned '0': CMAKE_PREFIX_PATH=${CMAKE_PREFIX_PATH}:/home/pboon09/ros2_ws/install/try_topic_py:/home/pboon09/ros2_ws/install/service_py:/home/pboon09/ros2_ws/install/custom_msg_py:/home/pboon09/ros2_ws/install/activity_custom_interface:/home/pboon09/ros2_ws/install/my_py_pkg:/home/pboon09/ros2_ws/install/activity_topic_node:/home/pboon09/ros2_ws/install/activity_service:/home/pboon09/microros_ws/install/sensor_msgs_py:/opt/ros/humble /usr/bin/cmake /home/pboon09/ros2_level2/src/my_robot_bringup -DAMENT_CMAKE_SYMLINK_INSTALL=1 -DCMAKE_INSTALL_PREFIX=/home/pboon09/ros2_level2/install/my_robot_bringup
[0.276s] Invoking command in '/home/pboon09/ros2_level2/build/my_robot_bringup': CMAKE_PREFIX_PATH=${CMAKE_PREFIX_PATH}:/home/pboon09/ros2_ws/install/try_topic_py:/home/pboon09/ros2_ws/install/service_py:/home/pboon09/ros2_ws/install/custom_msg_py:/home/pboon09/ros2_ws/install/activity_custom_interface:/home/pboon09/ros2_ws/install/my_py_pkg:/home/pboon09/ros2_ws/install/activity_topic_node:/home/pboon09/ros2_ws/install/activity_service:/home/pboon09/microros_ws/install/sensor_msgs_py:/opt/ros/humble /usr/bin/cmake --build /home/pboon09/ros2_level2/build/my_robot_bringup -- -j12 -l12
[0.342s] Invoked command in '/home/pboon09/ros2_level2/build/my_robot_bringup' returned '0': CMAKE_PREFIX_PATH=${CMAKE_PREFIX_PATH}:/home/pboon09/ros2_ws/install/try_topic_py:/home/pboon09/ros2_ws/install/service_py:/home/pboon09/ros2_ws/install/custom_msg_py:/home/pboon09/ros2_ws/install/activity_custom_interface:/home/pboon09/ros2_ws/install/my_py_pkg:/home/pboon09/ros2_ws/install/activity_topic_node:/home/pboon09/ros2_ws/install/activity_service:/home/pboon09/microros_ws/install/sensor_msgs_py:/opt/ros/humble /usr/bin/cmake --build /home/pboon09/ros2_level2/build/my_robot_bringup -- -j12 -l12
[0.399s] Invoking command in '/home/pboon09/ros2_level2/build/my_robot_bringup': CMAKE_PREFIX_PATH=${CMAKE_PREFIX_PATH}:/home/pboon09/ros2_ws/install/try_topic_py:/home/pboon09/ros2_ws/install/service_py:/home/pboon09/ros2_ws/install/custom_msg_py:/home/pboon09/ros2_ws/install/activity_custom_interface:/home/pboon09/ros2_ws/install/my_py_pkg:/home/pboon09/ros2_ws/install/activity_topic_node:/home/pboon09/ros2_ws/install/activity_service:/home/pboon09/microros_ws/install/sensor_msgs_py:/opt/ros/humble /usr/bin/cmake --install /home/pboon09/ros2_level2/build/my_robot_bringup
[0.411s] -- Install configuration: ""
[0.412s] -- Execute custom install script
[0.412s] -- Symlinking: /home/pboon09/ros2_level2/install/my_robot_bringup/share/my_robot_bringup//launch/my_robot_gazebo.launch.xml
[0.429s] -- Symlinking: /home/pboon09/ros2_level2/install/my_robot_bringup/share/my_robot_bringup//rviz/urdf_config.urdf.rviz
[0.445s] -- Symlinking: /home/pboon09/ros2_level2/install/my_robot_bringup/share/ament_index/resource_index/package_run_dependencies/my_robot_bringup
[0.460s] -- Symlinking: /home/pboon09/ros2_level2/install/my_robot_bringup/share/ament_index/resource_index/parent_prefix_path/my_robot_bringup
[0.476s] -- Symlinking: /home/pboon09/ros2_level2/install/my_robot_bringup/share/my_robot_bringup/environment/ament_prefix_path.sh
[0.492s] -- Symlinking: /home/pboon09/ros2_level2/install/my_robot_bringup/share/my_robot_bringup/environment/ament_prefix_path.dsv
[0.507s] -- Symlinking: /home/pboon09/ros2_level2/install/my_robot_bringup/share/my_robot_bringup/environment/path.sh
[0.523s] -- Symlinking: /home/pboon09/ros2_level2/install/my_robot_bringup/share/my_robot_bringup/environment/path.dsv
[0.538s] -- Symlinking: /home/pboon09/ros2_level2/install/my_robot_bringup/share/my_robot_bringup/local_setup.bash
[0.555s] -- Symlinking: /home/pboon09/ros2_level2/install/my_robot_bringup/share/my_robot_bringup/local_setup.sh
[0.570s] -- Symlinking: /home/pboon09/ros2_level2/install/my_robot_bringup/share/my_robot_bringup/local_setup.zsh
[0.586s] -- Symlinking: /home/pboon09/ros2_level2/install/my_robot_bringup/share/my_robot_bringup/local_setup.dsv
[0.602s] -- Symlinking: /home/pboon09/ros2_level2/install/my_robot_bringup/share/my_robot_bringup/package.dsv
[0.618s] -- Symlinking: /home/pboon09/ros2_level2/install/my_robot_bringup/share/ament_index/resource_index/packages/my_robot_bringup
[0.634s] -- Symlinking: /home/pboon09/ros2_level2/install/my_robot_bringup/share/my_robot_bringup/cmake/my_robot_bringupConfig.cmake
[0.649s] -- Symlinking: /home/pboon09/ros2_level2/install/my_robot_bringup/share/my_robot_bringup/cmake/my_robot_bringupConfig-version.cmake
[0.666s] -- Symlinking: /home/pboon09/ros2_level2/install/my_robot_bringup/share/my_robot_bringup/package.xml
[0.685s] Invoked command in '/home/pboon09/ros2_level2/build/my_robot_bringup' returned '0': CMAKE_PREFIX_PATH=${CMAKE_PREFIX_PATH}:/home/pboon09/ros2_ws/install/try_topic_py:/home/pboon09/ros2_ws/install/service_py:/home/pboon09/ros2_ws/install/custom_msg_py:/home/pboon09/ros2_ws/install/activity_custom_interface:/home/pboon09/ros2_ws/install/my_py_pkg:/home/pboon09/ros2_ws/install/activity_topic_node:/home/pboon09/ros2_ws/install/activity_service:/home/pboon09/microros_ws/install/sensor_msgs_py:/opt/ros/humble /usr/bin/cmake --install /home/pboon09/ros2_level2/build/my_robot_bringup
