[0.019s] Invoking command in '/home/pboon09/ros2_level2/build/my_robot_description': CMAKE_PREFIX_PATH=${CMAKE_PREFIX_PATH}:/home/pboon09/ros2_ws/install/try_topic_py:/home/pboon09/ros2_ws/install/service_py:/home/pboon09/ros2_ws/install/custom_msg_py:/home/pboon09/ros2_ws/install/activity_custom_interface:/home/pboon09/ros2_ws/install/my_py_pkg:/home/pboon09/ros2_ws/install/activity_topic_node:/home/pboon09/ros2_ws/install/activity_service:/home/pboon09/microros_ws/install/sensor_msgs_py:/opt/ros/humble /usr/bin/cmake /home/pboon09/ros2_level2/src/my_robot_description -DCMAKE_INSTALL_PREFIX=/home/pboon09/ros2_level2/install/my_robot_description
[0.134s] -- The C compiler identification is GNU 11.4.0
[0.222s] -- The CXX compiler identification is GNU 11.4.0
[0.236s] -- Detecting C compiler ABI info
[0.347s] -- Detecting C compiler ABI info - done
[0.354s] -- Check for working C compiler: /usr/bin/cc - skipped
[0.354s] -- Detecting C compile features
[0.355s] -- Detecting C compile features - done
[0.358s] -- Detecting CXX compiler ABI info
[0.477s] -- Detecting CXX compiler ABI info - done
[0.485s] -- Check for working CXX compiler: /usr/bin/c++ - skipped
[0.485s] -- Detecting CXX compile features
[0.485s] -- Detecting CXX compile features - done
[0.500s] -- Found ament_cmake: 1.3.9 (/opt/ros/humble/share/ament_cmake/cmake)
[0.724s] -- Found Python3: /usr/bin/python3 (found version "3.10.12") found components: Interpreter 
[1.013s] -- Configuring done
[1.016s] -- Generating done
[1.017s] -- Build files have been written to: /home/pboon09/ros2_level2/build/my_robot_description
[1.021s] Invoked command in '/home/pboon09/ros2_level2/build/my_robot_description' returned '0': CMAKE_PREFIX_PATH=${CMAKE_PREFIX_PATH}:/home/pboon09/ros2_ws/install/try_topic_py:/home/pboon09/ros2_ws/install/service_py:/home/pboon09/ros2_ws/install/custom_msg_py:/home/pboon09/ros2_ws/install/activity_custom_interface:/home/pboon09/ros2_ws/install/my_py_pkg:/home/pboon09/ros2_ws/install/activity_topic_node:/home/pboon09/ros2_ws/install/activity_service:/home/pboon09/microros_ws/install/sensor_msgs_py:/opt/ros/humble /usr/bin/cmake /home/pboon09/ros2_level2/src/my_robot_description -DCMAKE_INSTALL_PREFIX=/home/pboon09/ros2_level2/install/my_robot_description
[1.023s] Invoking command in '/home/pboon09/ros2_level2/build/my_robot_description': CMAKE_PREFIX_PATH=${CMAKE_PREFIX_PATH}:/home/pboon09/ros2_ws/install/try_topic_py:/home/pboon09/ros2_ws/install/service_py:/home/pboon09/ros2_ws/install/custom_msg_py:/home/pboon09/ros2_ws/install/activity_custom_interface:/home/pboon09/ros2_ws/install/my_py_pkg:/home/pboon09/ros2_ws/install/activity_topic_node:/home/pboon09/ros2_ws/install/activity_service:/home/pboon09/microros_ws/install/sensor_msgs_py:/opt/ros/humble /usr/bin/cmake --build /home/pboon09/ros2_level2/build/my_robot_description -- -j12 -l12
[1.091s] Invoked command in '/home/pboon09/ros2_level2/build/my_robot_description' returned '0': CMAKE_PREFIX_PATH=${CMAKE_PREFIX_PATH}:/home/pboon09/ros2_ws/install/try_topic_py:/home/pboon09/ros2_ws/install/service_py:/home/pboon09/ros2_ws/install/custom_msg_py:/home/pboon09/ros2_ws/install/activity_custom_interface:/home/pboon09/ros2_ws/install/my_py_pkg:/home/pboon09/ros2_ws/install/activity_topic_node:/home/pboon09/ros2_ws/install/activity_service:/home/pboon09/microros_ws/install/sensor_msgs_py:/opt/ros/humble /usr/bin/cmake --build /home/pboon09/ros2_level2/build/my_robot_description -- -j12 -l12
[1.161s] Invoking command in '/home/pboon09/ros2_level2/build/my_robot_description': CMAKE_PREFIX_PATH=${CMAKE_PREFIX_PATH}:/home/pboon09/ros2_ws/install/try_topic_py:/home/pboon09/ros2_ws/install/service_py:/home/pboon09/ros2_ws/install/custom_msg_py:/home/pboon09/ros2_ws/install/activity_custom_interface:/home/pboon09/ros2_ws/install/my_py_pkg:/home/pboon09/ros2_ws/install/activity_topic_node:/home/pboon09/ros2_ws/install/activity_service:/home/pboon09/microros_ws/install/sensor_msgs_py:/opt/ros/humble /usr/bin/cmake --install /home/pboon09/ros2_level2/build/my_robot_description
[1.175s] -- Install configuration: ""
[1.175s] -- Installing: /home/pboon09/ros2_level2/install/my_robot_description/share/my_robot_description//urdf
[1.176s] -- Installing: /home/pboon09/ros2_level2/install/my_robot_description/share/my_robot_description//urdf/my_robot.urdf
[1.176s] -- Installing: /home/pboon09/ros2_level2/install/my_robot_description/share/my_robot_description//urdf/robot_with_wheel.urdf
[1.176s] -- Installing: /home/pboon09/ros2_level2/install/my_robot_description/share/ament_index/resource_index/package_run_dependencies/my_robot_description
[1.176s] -- Installing: /home/pboon09/ros2_level2/install/my_robot_description/share/ament_index/resource_index/parent_prefix_path/my_robot_description
[1.176s] -- Installing: /home/pboon09/ros2_level2/install/my_robot_description/share/my_robot_description/environment/ament_prefix_path.sh
[1.176s] -- Installing: /home/pboon09/ros2_level2/install/my_robot_description/share/my_robot_description/environment/ament_prefix_path.dsv
[1.176s] -- Installing: /home/pboon09/ros2_level2/install/my_robot_description/share/my_robot_description/environment/path.sh
[1.176s] -- Installing: /home/pboon09/ros2_level2/install/my_robot_description/share/my_robot_description/environment/path.dsv
[1.177s] -- Installing: /home/pboon09/ros2_level2/install/my_robot_description/share/my_robot_description/local_setup.bash
[1.177s] -- Installing: /home/pboon09/ros2_level2/install/my_robot_description/share/my_robot_description/local_setup.sh
[1.177s] -- Installing: /home/pboon09/ros2_level2/install/my_robot_description/share/my_robot_description/local_setup.zsh
[1.177s] -- Installing: /home/pboon09/ros2_level2/install/my_robot_description/share/my_robot_description/local_setup.dsv
[1.177s] -- Installing: /home/pboon09/ros2_level2/install/my_robot_description/share/my_robot_description/package.dsv
[1.177s] -- Installing: /home/pboon09/ros2_level2/install/my_robot_description/share/ament_index/resource_index/packages/my_robot_description
[1.177s] -- Installing: /home/pboon09/ros2_level2/install/my_robot_description/share/my_robot_description/cmake/my_robot_descriptionConfig.cmake
[1.178s] -- Installing: /home/pboon09/ros2_level2/install/my_robot_description/share/my_robot_description/cmake/my_robot_descriptionConfig-version.cmake
[1.178s] -- Installing: /home/pboon09/ros2_level2/install/my_robot_description/share/my_robot_description/package.xml
[1.180s] Invoked command in '/home/pboon09/ros2_level2/build/my_robot_description' returned '0': CMAKE_PREFIX_PATH=${CMAKE_PREFIX_PATH}:/home/pboon09/ros2_ws/install/try_topic_py:/home/pboon09/ros2_ws/install/service_py:/home/pboon09/ros2_ws/install/custom_msg_py:/home/pboon09/ros2_ws/install/activity_custom_interface:/home/pboon09/ros2_ws/install/my_py_pkg:/home/pboon09/ros2_ws/install/activity_topic_node:/home/pboon09/ros2_ws/install/activity_service:/home/pboon09/microros_ws/install/sensor_msgs_py:/opt/ros/humble /usr/bin/cmake --install /home/pboon09/ros2_level2/build/my_robot_description
