[0.106s] DEBUG:colcon:Command line arguments: ['/usr/bin/colcon', 'build', '--symlink-install']
[0.106s] DEBUG:colcon:Parsed command line arguments: Namespace(log_base=None, log_level=None, verb_name='build', build_base='build', install_base='install', merge_install=False, symlink_install=True, test_result_base=None, continue_on_error=False, executor='parallel', parallel_workers=12, event_handlers=None, ignore_user_meta=False, metas=['./colcon.meta'], base_paths=['.'], packages_ignore=None, packages_ignore_regex=None, paths=None, packages_up_to=None, packages_up_to_regex=None, packages_above=None, packages_above_and_dependencies=None, packages_above_depth=None, packages_select_by_dep=None, packages_skip_by_dep=None, packages_skip_up_to=None, packages_select_build_failed=False, packages_skip_build_finished=False, packages_select_test_failures=False, packages_skip_test_passed=False, packages_select=None, packages_skip=None, packages_select_regex=None, packages_skip_regex=None, packages_start=None, packages_end=None, allow_overriding=[], cmake_args=None, cmake_target=None, cmake_target_skip_unavailable=False, cmake_clean_cache=False, cmake_clean_first=False, cmake_force_configure=False, ament_cmake_args=None, catkin_cmake_args=None, catkin_skip_building_tests=False, mixin_files=None, mixin=None, verb_parser=<colcon_mixin.mixin.mixin_argument.MixinArgumentDecorator object at 0x7f9f340421a0>, verb_extension=<colcon_core.verb.build.BuildVerb object at 0x7f9f34041c90>, main=<bound method BuildVerb.main of <colcon_core.verb.build.BuildVerb object at 0x7f9f34041c90>>, mixin_verb=('build',))
[0.263s] Level 1:colcon.colcon_core.package_discovery:discover_packages(colcon_meta) check parameters
[0.263s] Level 1:colcon.colcon_core.package_discovery:discover_packages(recursive) check parameters
[0.263s] Level 1:colcon.colcon_core.package_discovery:discover_packages(ignore) check parameters
[0.263s] Level 1:colcon.colcon_core.package_discovery:discover_packages(path) check parameters
[0.263s] Level 1:colcon.colcon_core.package_discovery:discover_packages(colcon_meta) discover
[0.263s] Level 1:colcon.colcon_core.package_discovery:discover_packages(recursive) discover
[0.263s] INFO:colcon.colcon_core.package_discovery:Crawling recursively for packages in '/home/pboon09/ros2_level2'
[0.263s] Level 1:colcon.colcon_core.package_identification:_identify(.) by extensions ['ignore', 'ignore_ament_install']
[0.263s] Level 1:colcon.colcon_core.package_identification:_identify(.) by extension 'ignore'
[0.263s] Level 1:colcon.colcon_core.package_identification:_identify(.) by extension 'ignore_ament_install'
[0.263s] Level 1:colcon.colcon_core.package_identification:_identify(.) by extensions ['colcon_pkg']
[0.263s] Level 1:colcon.colcon_core.package_identification:_identify(.) by extension 'colcon_pkg'
[0.263s] Level 1:colcon.colcon_core.package_identification:_identify(.) by extensions ['colcon_meta']
[0.264s] Level 1:colcon.colcon_core.package_identification:_identify(.) by extension 'colcon_meta'
[0.264s] Level 1:colcon.colcon_core.package_identification:_identify(.) by extensions ['ros']
[0.264s] Level 1:colcon.colcon_core.package_identification:_identify(.) by extension 'ros'
[0.273s] Level 1:colcon.colcon_core.package_identification:_identify(.) by extensions ['cmake', 'python']
[0.273s] Level 1:colcon.colcon_core.package_identification:_identify(.) by extension 'cmake'
[0.273s] Level 1:colcon.colcon_core.package_identification:_identify(.) by extension 'python'
[0.273s] Level 1:colcon.colcon_core.package_identification:_identify(.) by extensions ['python_setup_py']
[0.273s] Level 1:colcon.colcon_core.package_identification:_identify(.) by extension 'python_setup_py'
[0.273s] Level 1:colcon.colcon_core.package_identification:_identify(build) by extensions ['ignore', 'ignore_ament_install']
[0.273s] Level 1:colcon.colcon_core.package_identification:_identify(build) by extension 'ignore'
[0.273s] Level 1:colcon.colcon_core.package_identification:_identify(build) ignored
[0.273s] Level 1:colcon.colcon_core.package_identification:_identify(install) by extensions ['ignore', 'ignore_ament_install']
[0.273s] Level 1:colcon.colcon_core.package_identification:_identify(install) by extension 'ignore'
[0.273s] Level 1:colcon.colcon_core.package_identification:_identify(install) ignored
[0.274s] Level 1:colcon.colcon_core.package_identification:_identify(log) by extensions ['ignore', 'ignore_ament_install']
[0.274s] Level 1:colcon.colcon_core.package_identification:_identify(log) by extension 'ignore'
[0.274s] Level 1:colcon.colcon_core.package_identification:_identify(log) ignored
[0.274s] Level 1:colcon.colcon_core.package_identification:_identify(src) by extensions ['ignore', 'ignore_ament_install']
[0.274s] Level 1:colcon.colcon_core.package_identification:_identify(src) by extension 'ignore'
[0.274s] Level 1:colcon.colcon_core.package_identification:_identify(src) by extension 'ignore_ament_install'
[0.274s] Level 1:colcon.colcon_core.package_identification:_identify(src) by extensions ['colcon_pkg']
[0.274s] Level 1:colcon.colcon_core.package_identification:_identify(src) by extension 'colcon_pkg'
[0.274s] Level 1:colcon.colcon_core.package_identification:_identify(src) by extensions ['colcon_meta']
[0.274s] Level 1:colcon.colcon_core.package_identification:_identify(src) by extension 'colcon_meta'
[0.274s] Level 1:colcon.colcon_core.package_identification:_identify(src) by extensions ['ros']
[0.274s] Level 1:colcon.colcon_core.package_identification:_identify(src) by extension 'ros'
[0.274s] Level 1:colcon.colcon_core.package_identification:_identify(src) by extensions ['cmake', 'python']
[0.274s] Level 1:colcon.colcon_core.package_identification:_identify(src) by extension 'cmake'
[0.274s] Level 1:colcon.colcon_core.package_identification:_identify(src) by extension 'python'
[0.274s] Level 1:colcon.colcon_core.package_identification:_identify(src) by extensions ['python_setup_py']
[0.274s] Level 1:colcon.colcon_core.package_identification:_identify(src) by extension 'python_setup_py'
[0.274s] Level 1:colcon.colcon_core.package_identification:_identify(src/my_robot_bringup) by extensions ['ignore', 'ignore_ament_install']
[0.274s] Level 1:colcon.colcon_core.package_identification:_identify(src/my_robot_bringup) by extension 'ignore'
[0.274s] Level 1:colcon.colcon_core.package_identification:_identify(src/my_robot_bringup) by extension 'ignore_ament_install'
[0.274s] Level 1:colcon.colcon_core.package_identification:_identify(src/my_robot_bringup) by extensions ['colcon_pkg']
[0.274s] Level 1:colcon.colcon_core.package_identification:_identify(src/my_robot_bringup) by extension 'colcon_pkg'
[0.274s] Level 1:colcon.colcon_core.package_identification:_identify(src/my_robot_bringup) by extensions ['colcon_meta']
[0.274s] Level 1:colcon.colcon_core.package_identification:_identify(src/my_robot_bringup) by extension 'colcon_meta'
[0.275s] Level 1:colcon.colcon_core.package_identification:_identify(src/my_robot_bringup) by extensions ['ros']
[0.275s] Level 1:colcon.colcon_core.package_identification:_identify(src/my_robot_bringup) by extension 'ros'
[0.277s] DEBUG:colcon.colcon_core.package_identification:Package 'src/my_robot_bringup' with type 'ros.ament_cmake' and name 'my_robot_bringup'
[0.277s] Level 1:colcon.colcon_core.package_identification:_identify(src/my_robot_description) by extensions ['ignore', 'ignore_ament_install']
[0.277s] Level 1:colcon.colcon_core.package_identification:_identify(src/my_robot_description) by extension 'ignore'
[0.277s] Level 1:colcon.colcon_core.package_identification:_identify(src/my_robot_description) by extension 'ignore_ament_install'
[0.277s] Level 1:colcon.colcon_core.package_identification:_identify(src/my_robot_description) by extensions ['colcon_pkg']
[0.277s] Level 1:colcon.colcon_core.package_identification:_identify(src/my_robot_description) by extension 'colcon_pkg'
[0.277s] Level 1:colcon.colcon_core.package_identification:_identify(src/my_robot_description) by extensions ['colcon_meta']
[0.277s] Level 1:colcon.colcon_core.package_identification:_identify(src/my_robot_description) by extension 'colcon_meta'
[0.277s] Level 1:colcon.colcon_core.package_identification:_identify(src/my_robot_description) by extensions ['ros']
[0.277s] Level 1:colcon.colcon_core.package_identification:_identify(src/my_robot_description) by extension 'ros'
[0.277s] DEBUG:colcon.colcon_core.package_identification:Package 'src/my_robot_description' with type 'ros.ament_cmake' and name 'my_robot_description'
[0.277s] Level 1:colcon.colcon_core.package_discovery:discover_packages(recursive) using defaults
[0.278s] Level 1:colcon.colcon_core.package_discovery:discover_packages(ignore) discover
[0.278s] Level 1:colcon.colcon_core.package_discovery:discover_packages(ignore) using defaults
[0.278s] Level 1:colcon.colcon_core.package_discovery:discover_packages(path) discover
[0.278s] Level 1:colcon.colcon_core.package_discovery:discover_packages(path) using defaults
[0.298s] Level 1:colcon.colcon_core.package_discovery:discover_packages(prefix_path) check parameters
[0.298s] Level 1:colcon.colcon_core.package_discovery:discover_packages(prefix_path) discover
[0.302s] DEBUG:colcon.colcon_installed_package_information.package_discovery:Found 39 installed packages in /home/pboon09/microros_ws/install
[0.302s] DEBUG:colcon.colcon_installed_package_information.package_discovery:Found 2 installed packages in /home/pboon09/ros2_level2/install
[0.303s] DEBUG:colcon.colcon_installed_package_information.package_discovery:Found 13 installed packages in /home/pboon09/ros2_ws/install
[0.305s] DEBUG:colcon.colcon_installed_package_information.package_discovery:Found 320 installed packages in /opt/ros/humble
[0.307s] Level 1:colcon.colcon_core.package_discovery:discover_packages(prefix_path) using defaults
[0.356s] Level 5:colcon.colcon_core.verb:set package 'my_robot_description' build argument 'cmake_args' from command line to 'None'
[0.356s] Level 5:colcon.colcon_core.verb:set package 'my_robot_description' build argument 'cmake_target' from command line to 'None'
[0.356s] Level 5:colcon.colcon_core.verb:set package 'my_robot_description' build argument 'cmake_target_skip_unavailable' from command line to 'False'
[0.356s] Level 5:colcon.colcon_core.verb:set package 'my_robot_description' build argument 'cmake_clean_cache' from command line to 'False'
[0.356s] Level 5:colcon.colcon_core.verb:set package 'my_robot_description' build argument 'cmake_clean_first' from command line to 'False'
[0.356s] Level 5:colcon.colcon_core.verb:set package 'my_robot_description' build argument 'cmake_force_configure' from command line to 'False'
[0.356s] Level 5:colcon.colcon_core.verb:set package 'my_robot_description' build argument 'ament_cmake_args' from command line to 'None'
[0.356s] Level 5:colcon.colcon_core.verb:set package 'my_robot_description' build argument 'catkin_cmake_args' from command line to 'None'
[0.356s] Level 5:colcon.colcon_core.verb:set package 'my_robot_description' build argument 'catkin_skip_building_tests' from command line to 'False'
[0.356s] DEBUG:colcon.colcon_core.verb:Building package 'my_robot_description' with the following arguments: {'ament_cmake_args': None, 'build_base': '/home/pboon09/ros2_level2/build/my_robot_description', 'catkin_cmake_args': None, 'catkin_skip_building_tests': False, 'cmake_args': None, 'cmake_clean_cache': False, 'cmake_clean_first': False, 'cmake_force_configure': False, 'cmake_target': None, 'cmake_target_skip_unavailable': False, 'install_base': '/home/pboon09/ros2_level2/install/my_robot_description', 'merge_install': False, 'path': '/home/pboon09/ros2_level2/src/my_robot_description', 'symlink_install': True, 'test_result_base': None}
[0.357s] Level 5:colcon.colcon_core.verb:set package 'my_robot_bringup' build argument 'cmake_args' from command line to 'None'
[0.357s] Level 5:colcon.colcon_core.verb:set package 'my_robot_bringup' build argument 'cmake_target' from command line to 'None'
[0.357s] Level 5:colcon.colcon_core.verb:set package 'my_robot_bringup' build argument 'cmake_target_skip_unavailable' from command line to 'False'
[0.357s] Level 5:colcon.colcon_core.verb:set package 'my_robot_bringup' build argument 'cmake_clean_cache' from command line to 'False'
[0.357s] Level 5:colcon.colcon_core.verb:set package 'my_robot_bringup' build argument 'cmake_clean_first' from command line to 'False'
[0.357s] Level 5:colcon.colcon_core.verb:set package 'my_robot_bringup' build argument 'cmake_force_configure' from command line to 'False'
[0.357s] Level 5:colcon.colcon_core.verb:set package 'my_robot_bringup' build argument 'ament_cmake_args' from command line to 'None'
[0.357s] Level 5:colcon.colcon_core.verb:set package 'my_robot_bringup' build argument 'catkin_cmake_args' from command line to 'None'
[0.357s] Level 5:colcon.colcon_core.verb:set package 'my_robot_bringup' build argument 'catkin_skip_building_tests' from command line to 'False'
[0.357s] DEBUG:colcon.colcon_core.verb:Building package 'my_robot_bringup' with the following arguments: {'ament_cmake_args': None, 'build_base': '/home/pboon09/ros2_level2/build/my_robot_bringup', 'catkin_cmake_args': None, 'catkin_skip_building_tests': False, 'cmake_args': None, 'cmake_clean_cache': False, 'cmake_clean_first': False, 'cmake_force_configure': False, 'cmake_target': None, 'cmake_target_skip_unavailable': False, 'install_base': '/home/pboon09/ros2_level2/install/my_robot_bringup', 'merge_install': False, 'path': '/home/pboon09/ros2_level2/src/my_robot_bringup', 'symlink_install': True, 'test_result_base': None}
[0.357s] INFO:colcon.colcon_core.executor:Executing jobs using 'parallel' executor
[0.358s] DEBUG:colcon.colcon_parallel_executor.executor.parallel:run_until_complete
[0.358s] INFO:colcon.colcon_ros.task.ament_cmake.build:Building ROS package in '/home/pboon09/ros2_level2/src/my_robot_description' with build type 'ament_cmake'
[0.358s] INFO:colcon.colcon_cmake.task.cmake.build:Building CMake package in '/home/pboon09/ros2_level2/src/my_robot_description'
[0.360s] INFO:colcon.colcon_core.plugin_system:Skipping extension 'colcon_core.shell.bat': Not used on non-Windows systems
[0.361s] INFO:colcon.colcon_core.shell:Skip shell extension 'powershell' for command environment: Not usable outside of PowerShell
[0.361s] DEBUG:colcon.colcon_core.shell:Skip shell extension 'dsv' for command environment
[0.374s] DEBUG:colcon.colcon_core.event_handler.log_command:Invoking command in '/home/pboon09/ros2_level2/build/my_robot_description': CMAKE_PREFIX_PATH=${CMAKE_PREFIX_PATH}:/home/pboon09/ros2_ws/install/try_topic_py:/home/pboon09/ros2_ws/install/service_py:/home/pboon09/ros2_ws/install/custom_msg_py:/home/pboon09/ros2_ws/install/activity_custom_interface:/home/pboon09/ros2_ws/install/my_py_pkg:/home/pboon09/ros2_ws/install/activity_topic_node:/home/pboon09/ros2_ws/install/activity_service:/home/pboon09/microros_ws/install/sensor_msgs_py:/opt/ros/humble /usr/bin/cmake /home/pboon09/ros2_level2/src/my_robot_description -DAMENT_CMAKE_SYMLINK_INSTALL=1 -DCMAKE_INSTALL_PREFIX=/home/pboon09/ros2_level2/install/my_robot_description
[0.630s] DEBUG:colcon.colcon_core.event_handler.log_command:Invoked command in '/home/pboon09/ros2_level2/build/my_robot_description' returned '0': CMAKE_PREFIX_PATH=${CMAKE_PREFIX_PATH}:/home/pboon09/ros2_ws/install/try_topic_py:/home/pboon09/ros2_ws/install/service_py:/home/pboon09/ros2_ws/install/custom_msg_py:/home/pboon09/ros2_ws/install/activity_custom_interface:/home/pboon09/ros2_ws/install/my_py_pkg:/home/pboon09/ros2_ws/install/activity_topic_node:/home/pboon09/ros2_ws/install/activity_service:/home/pboon09/microros_ws/install/sensor_msgs_py:/opt/ros/humble /usr/bin/cmake /home/pboon09/ros2_level2/src/my_robot_description -DAMENT_CMAKE_SYMLINK_INSTALL=1 -DCMAKE_INSTALL_PREFIX=/home/pboon09/ros2_level2/install/my_robot_description
[0.633s] DEBUG:colcon.colcon_core.event_handler.log_command:Invoking command in '/home/pboon09/ros2_level2/build/my_robot_description': CMAKE_PREFIX_PATH=${CMAKE_PREFIX_PATH}:/home/pboon09/ros2_ws/install/try_topic_py:/home/pboon09/ros2_ws/install/service_py:/home/pboon09/ros2_ws/install/custom_msg_py:/home/pboon09/ros2_ws/install/activity_custom_interface:/home/pboon09/ros2_ws/install/my_py_pkg:/home/pboon09/ros2_ws/install/activity_topic_node:/home/pboon09/ros2_ws/install/activity_service:/home/pboon09/microros_ws/install/sensor_msgs_py:/opt/ros/humble /usr/bin/cmake --build /home/pboon09/ros2_level2/build/my_robot_description -- -j12 -l12
[0.699s] DEBUG:colcon.colcon_core.event_handler.log_command:Invoked command in '/home/pboon09/ros2_level2/build/my_robot_description' returned '0': CMAKE_PREFIX_PATH=${CMAKE_PREFIX_PATH}:/home/pboon09/ros2_ws/install/try_topic_py:/home/pboon09/ros2_ws/install/service_py:/home/pboon09/ros2_ws/install/custom_msg_py:/home/pboon09/ros2_ws/install/activity_custom_interface:/home/pboon09/ros2_ws/install/my_py_pkg:/home/pboon09/ros2_ws/install/activity_topic_node:/home/pboon09/ros2_ws/install/activity_service:/home/pboon09/microros_ws/install/sensor_msgs_py:/opt/ros/humble /usr/bin/cmake --build /home/pboon09/ros2_level2/build/my_robot_description -- -j12 -l12
[0.768s] DEBUG:colcon.colcon_core.event_handler.log_command:Invoking command in '/home/pboon09/ros2_level2/build/my_robot_description': CMAKE_PREFIX_PATH=${CMAKE_PREFIX_PATH}:/home/pboon09/ros2_ws/install/try_topic_py:/home/pboon09/ros2_ws/install/service_py:/home/pboon09/ros2_ws/install/custom_msg_py:/home/pboon09/ros2_ws/install/activity_custom_interface:/home/pboon09/ros2_ws/install/my_py_pkg:/home/pboon09/ros2_ws/install/activity_topic_node:/home/pboon09/ros2_ws/install/activity_service:/home/pboon09/microros_ws/install/sensor_msgs_py:/opt/ros/humble /usr/bin/cmake --install /home/pboon09/ros2_level2/build/my_robot_description
[0.802s] Level 1:colcon.colcon_core.environment:create_environment_scripts_only(my_robot_description)
[0.802s] DEBUG:colcon.colcon_core.event_handler.log_command:Invoked command in '/home/pboon09/ros2_level2/build/my_robot_description' returned '0': CMAKE_PREFIX_PATH=${CMAKE_PREFIX_PATH}:/home/pboon09/ros2_ws/install/try_topic_py:/home/pboon09/ros2_ws/install/service_py:/home/pboon09/ros2_ws/install/custom_msg_py:/home/pboon09/ros2_ws/install/activity_custom_interface:/home/pboon09/ros2_ws/install/my_py_pkg:/home/pboon09/ros2_ws/install/activity_topic_node:/home/pboon09/ros2_ws/install/activity_service:/home/pboon09/microros_ws/install/sensor_msgs_py:/opt/ros/humble /usr/bin/cmake --install /home/pboon09/ros2_level2/build/my_robot_description
[0.805s] Level 1:colcon.colcon_core.environment:checking '/home/pboon09/ros2_level2/install/my_robot_description' for CMake module files
[0.805s] Level 1:colcon.colcon_core.environment:checking '/home/pboon09/ros2_level2/install/my_robot_description' for CMake config files
[0.805s] Level 1:colcon.colcon_core.shell:create_environment_hook('my_robot_description', 'cmake_prefix_path')
[0.806s] INFO:colcon.colcon_core.shell:Creating environment hook '/home/pboon09/ros2_level2/install/my_robot_description/share/my_robot_description/hook/cmake_prefix_path.ps1'
[0.806s] INFO:colcon.colcon_core.shell:Creating environment descriptor '/home/pboon09/ros2_level2/install/my_robot_description/share/my_robot_description/hook/cmake_prefix_path.dsv'
[0.806s] INFO:colcon.colcon_core.shell:Creating environment hook '/home/pboon09/ros2_level2/install/my_robot_description/share/my_robot_description/hook/cmake_prefix_path.sh'
[0.807s] Level 1:colcon.colcon_core.environment:checking '/home/pboon09/ros2_level2/install/my_robot_description/bin'
[0.807s] Level 1:colcon.colcon_core.environment:checking '/home/pboon09/ros2_level2/install/my_robot_description/lib/pkgconfig/my_robot_description.pc'
[0.807s] Level 1:colcon.colcon_core.environment:checking '/home/pboon09/ros2_level2/install/my_robot_description/lib/python3.10/site-packages'
[0.807s] Level 1:colcon.colcon_core.environment:checking '/home/pboon09/ros2_level2/install/my_robot_description/bin'
[0.808s] INFO:colcon.colcon_core.shell:Creating package script '/home/pboon09/ros2_level2/install/my_robot_description/share/my_robot_description/package.ps1'
[0.808s] INFO:colcon.colcon_core.shell:Creating package descriptor '/home/pboon09/ros2_level2/install/my_robot_description/share/my_robot_description/package.dsv'
[0.809s] INFO:colcon.colcon_core.shell:Creating package script '/home/pboon09/ros2_level2/install/my_robot_description/share/my_robot_description/package.sh'
[0.809s] INFO:colcon.colcon_core.shell:Creating package script '/home/pboon09/ros2_level2/install/my_robot_description/share/my_robot_description/package.bash'
[0.810s] INFO:colcon.colcon_core.shell:Creating package script '/home/pboon09/ros2_level2/install/my_robot_description/share/my_robot_description/package.zsh'
[0.810s] Level 1:colcon.colcon_core.environment:create_file_with_runtime_dependencies(/home/pboon09/ros2_level2/install/my_robot_description/share/colcon-core/packages/my_robot_description)
[0.860s] Level 1:colcon.colcon_core.environment:create_environment_scripts_only(my_robot_description)
[0.860s] Level 1:colcon.colcon_core.environment:checking '/home/pboon09/ros2_level2/install/my_robot_description' for CMake module files
[0.861s] Level 1:colcon.colcon_core.environment:checking '/home/pboon09/ros2_level2/install/my_robot_description' for CMake config files
[0.861s] Level 1:colcon.colcon_core.shell:create_environment_hook('my_robot_description', 'cmake_prefix_path')
[0.862s] INFO:colcon.colcon_core.shell:Creating environment hook '/home/pboon09/ros2_level2/install/my_robot_description/share/my_robot_description/hook/cmake_prefix_path.ps1'
[0.862s] INFO:colcon.colcon_core.shell:Creating environment descriptor '/home/pboon09/ros2_level2/install/my_robot_description/share/my_robot_description/hook/cmake_prefix_path.dsv'
[0.862s] INFO:colcon.colcon_core.shell:Creating environment hook '/home/pboon09/ros2_level2/install/my_robot_description/share/my_robot_description/hook/cmake_prefix_path.sh'
[0.863s] Level 1:colcon.colcon_core.environment:checking '/home/pboon09/ros2_level2/install/my_robot_description/bin'
[0.863s] Level 1:colcon.colcon_core.environment:checking '/home/pboon09/ros2_level2/install/my_robot_description/lib/pkgconfig/my_robot_description.pc'
[0.863s] Level 1:colcon.colcon_core.environment:checking '/home/pboon09/ros2_level2/install/my_robot_description/lib/python3.10/site-packages'
[0.863s] Level 1:colcon.colcon_core.environment:checking '/home/pboon09/ros2_level2/install/my_robot_description/bin'
[0.863s] INFO:colcon.colcon_core.shell:Creating package script '/home/pboon09/ros2_level2/install/my_robot_description/share/my_robot_description/package.ps1'
[0.864s] INFO:colcon.colcon_core.shell:Creating package descriptor '/home/pboon09/ros2_level2/install/my_robot_description/share/my_robot_description/package.dsv'
[0.864s] INFO:colcon.colcon_core.shell:Creating package script '/home/pboon09/ros2_level2/install/my_robot_description/share/my_robot_description/package.sh'
[0.864s] INFO:colcon.colcon_core.shell:Creating package script '/home/pboon09/ros2_level2/install/my_robot_description/share/my_robot_description/package.bash'
[0.864s] INFO:colcon.colcon_core.shell:Creating package script '/home/pboon09/ros2_level2/install/my_robot_description/share/my_robot_description/package.zsh'
[0.865s] Level 1:colcon.colcon_core.environment:create_file_with_runtime_dependencies(/home/pboon09/ros2_level2/install/my_robot_description/share/colcon-core/packages/my_robot_description)
[0.865s] INFO:colcon.colcon_ros.task.ament_cmake.build:Building ROS package in '/home/pboon09/ros2_level2/src/my_robot_bringup' with build type 'ament_cmake'
[0.865s] INFO:colcon.colcon_cmake.task.cmake.build:Building CMake package in '/home/pboon09/ros2_level2/src/my_robot_bringup'
[0.865s] INFO:colcon.colcon_core.shell:Skip shell extension 'powershell' for command environment: Not usable outside of PowerShell
[0.865s] DEBUG:colcon.colcon_core.shell:Skip shell extension 'dsv' for command environment
[0.883s] DEBUG:colcon.colcon_core.event_handler.log_command:Invoking command in '/home/pboon09/ros2_level2/build/my_robot_bringup': CMAKE_PREFIX_PATH=/home/pboon09/ros2_level2/install/my_robot_description:/home/pboon09/ros2_level2/install/my_robot_bringup:/home/pboon09/ros2_ws/install/try_topic_cpp:/home/pboon09/ros2_ws/install/service_cpp:/home/pboon09/ros2_ws/install/custom_msg_cpp:/home/pboon09/ros2_ws/install/my_robot_interfaces:/home/pboon09/ros2_ws/install/my_robot_bringup:/home/pboon09/ros2_ws/install/my_cpp_pkg:/home/pboon09/microros_ws/install/micro_ros_demos_rclc:/home/pboon09/microros_ws/install/common_interfaces:/home/pboon09/microros_ws/install/visualization_msgs:/home/pboon09/microros_ws/install/test_msgs:/home/pboon09/microros_ws/install/example_interfaces:/home/pboon09/microros_ws/install/action_msgs:/home/pboon09/microros_ws/install/unique_identifier_msgs:/home/pboon09/microros_ws/install/trajectory_msgs:/home/pboon09/microros_ws/install/stereo_msgs:/home/pboon09/microros_ws/install/std_srvs:/home/pboon09/microros_ws/install/shape_msgs:/home/pboon09/microros_ws/install/sensor_msgs:/home/pboon09/microros_ws/install/nav_msgs:/home/pboon09/microros_ws/install/diagnostic_msgs:/home/pboon09/microros_ws/install/geometry_msgs:/home/pboon09/microros_ws/install/actionlib_msgs:/home/pboon09/microros_ws/install/std_msgs:/home/pboon09/microros_ws/install/statistics_msgs:/home/pboon09/microros_ws/install/rosidl_typesupport_microxrcedds_test_msg:/home/pboon09/microros_ws/install/rosidl_typesupport_microxrcedds_cpp_tests:/home/pboon09/microros_ws/install/rmw_microxrcedds:/home/pboon09/microros_ws/install/rosidl_typesupport_microxrcedds_cpp:/home/pboon09/microros_ws/install/rosidl_typesupport_microxrcedds_c_tests:/home/pboon09/microros_ws/install/rosidl_typesupport_microxrcedds_c:/home/pboon09/microros_ws/install/rosgraph_msgs:/home/pboon09/microros_ws/install/rclc_parameter:/home/pboon09/microros_ws/install/rclc:/home/pboon09/microros_ws/install/composition_interfaces:/home/pboon09/microros_ws/install/rcl_interfaces:/home/pboon09/microros_ws/install/microxrcedds_client:/home/pboon09/microros_ws/install/microcdr:/home/pboon09/microros_ws/install/micro_ros_utilities:/home/pboon09/microros_ws/install/micro_ros_setup:/home/pboon09/microros_ws/install/micro_ros_agent:/home/pboon09/microros_ws/install/micro_ros_msgs:/home/pboon09/microros_ws/install/lifecycle_msgs:/home/pboon09/microros_ws/install/complex_msgs:/home/pboon09/microros_ws/install/builtin_interfaces:/home/pboon09/ros2_ws/install/try_topic_py:/home/pboon09/ros2_ws/install/service_py:/home/pboon09/ros2_ws/install/custom_msg_py:/home/pboon09/ros2_ws/install/activity_custom_interface:/home/pboon09/ros2_ws/install/my_py_pkg:/home/pboon09/ros2_ws/install/activity_topic_node:/home/pboon09/ros2_ws/install/activity_service:/home/pboon09/microros_ws/install/sensor_msgs_py:/opt/ros/humble /usr/bin/cmake /home/pboon09/ros2_level2/src/my_robot_bringup -DAMENT_CMAKE_SYMLINK_INSTALL=1 -DCMAKE_INSTALL_PREFIX=/home/pboon09/ros2_level2/install/my_robot_bringup
[1.134s] DEBUG:colcon.colcon_core.event_handler.log_command:Invoked command in '/home/pboon09/ros2_level2/build/my_robot_bringup' returned '0': CMAKE_PREFIX_PATH=/home/pboon09/ros2_level2/install/my_robot_description:/home/pboon09/ros2_level2/install/my_robot_bringup:/home/pboon09/ros2_ws/install/try_topic_cpp:/home/pboon09/ros2_ws/install/service_cpp:/home/pboon09/ros2_ws/install/custom_msg_cpp:/home/pboon09/ros2_ws/install/my_robot_interfaces:/home/pboon09/ros2_ws/install/my_robot_bringup:/home/pboon09/ros2_ws/install/my_cpp_pkg:/home/pboon09/microros_ws/install/micro_ros_demos_rclc:/home/pboon09/microros_ws/install/common_interfaces:/home/pboon09/microros_ws/install/visualization_msgs:/home/pboon09/microros_ws/install/test_msgs:/home/pboon09/microros_ws/install/example_interfaces:/home/pboon09/microros_ws/install/action_msgs:/home/pboon09/microros_ws/install/unique_identifier_msgs:/home/pboon09/microros_ws/install/trajectory_msgs:/home/pboon09/microros_ws/install/stereo_msgs:/home/pboon09/microros_ws/install/std_srvs:/home/pboon09/microros_ws/install/shape_msgs:/home/pboon09/microros_ws/install/sensor_msgs:/home/pboon09/microros_ws/install/nav_msgs:/home/pboon09/microros_ws/install/diagnostic_msgs:/home/pboon09/microros_ws/install/geometry_msgs:/home/pboon09/microros_ws/install/actionlib_msgs:/home/pboon09/microros_ws/install/std_msgs:/home/pboon09/microros_ws/install/statistics_msgs:/home/pboon09/microros_ws/install/rosidl_typesupport_microxrcedds_test_msg:/home/pboon09/microros_ws/install/rosidl_typesupport_microxrcedds_cpp_tests:/home/pboon09/microros_ws/install/rmw_microxrcedds:/home/pboon09/microros_ws/install/rosidl_typesupport_microxrcedds_cpp:/home/pboon09/microros_ws/install/rosidl_typesupport_microxrcedds_c_tests:/home/pboon09/microros_ws/install/rosidl_typesupport_microxrcedds_c:/home/pboon09/microros_ws/install/rosgraph_msgs:/home/pboon09/microros_ws/install/rclc_parameter:/home/pboon09/microros_ws/install/rclc:/home/pboon09/microros_ws/install/composition_interfaces:/home/pboon09/microros_ws/install/rcl_interfaces:/home/pboon09/microros_ws/install/microxrcedds_client:/home/pboon09/microros_ws/install/microcdr:/home/pboon09/microros_ws/install/micro_ros_utilities:/home/pboon09/microros_ws/install/micro_ros_setup:/home/pboon09/microros_ws/install/micro_ros_agent:/home/pboon09/microros_ws/install/micro_ros_msgs:/home/pboon09/microros_ws/install/lifecycle_msgs:/home/pboon09/microros_ws/install/complex_msgs:/home/pboon09/microros_ws/install/builtin_interfaces:/home/pboon09/ros2_ws/install/try_topic_py:/home/pboon09/ros2_ws/install/service_py:/home/pboon09/ros2_ws/install/custom_msg_py:/home/pboon09/ros2_ws/install/activity_custom_interface:/home/pboon09/ros2_ws/install/my_py_pkg:/home/pboon09/ros2_ws/install/activity_topic_node:/home/pboon09/ros2_ws/install/activity_service:/home/pboon09/microros_ws/install/sensor_msgs_py:/opt/ros/humble /usr/bin/cmake /home/pboon09/ros2_level2/src/my_robot_bringup -DAMENT_CMAKE_SYMLINK_INSTALL=1 -DCMAKE_INSTALL_PREFIX=/home/pboon09/ros2_level2/install/my_robot_bringup
[1.135s] DEBUG:colcon.colcon_core.event_handler.log_command:Invoking command in '/home/pboon09/ros2_level2/build/my_robot_bringup': CMAKE_PREFIX_PATH=/home/pboon09/ros2_level2/install/my_robot_description:/home/pboon09/ros2_level2/install/my_robot_bringup:/home/pboon09/ros2_ws/install/try_topic_cpp:/home/pboon09/ros2_ws/install/service_cpp:/home/pboon09/ros2_ws/install/custom_msg_cpp:/home/pboon09/ros2_ws/install/my_robot_interfaces:/home/pboon09/ros2_ws/install/my_robot_bringup:/home/pboon09/ros2_ws/install/my_cpp_pkg:/home/pboon09/microros_ws/install/micro_ros_demos_rclc:/home/pboon09/microros_ws/install/common_interfaces:/home/pboon09/microros_ws/install/visualization_msgs:/home/pboon09/microros_ws/install/test_msgs:/home/pboon09/microros_ws/install/example_interfaces:/home/pboon09/microros_ws/install/action_msgs:/home/pboon09/microros_ws/install/unique_identifier_msgs:/home/pboon09/microros_ws/install/trajectory_msgs:/home/pboon09/microros_ws/install/stereo_msgs:/home/pboon09/microros_ws/install/std_srvs:/home/pboon09/microros_ws/install/shape_msgs:/home/pboon09/microros_ws/install/sensor_msgs:/home/pboon09/microros_ws/install/nav_msgs:/home/pboon09/microros_ws/install/diagnostic_msgs:/home/pboon09/microros_ws/install/geometry_msgs:/home/pboon09/microros_ws/install/actionlib_msgs:/home/pboon09/microros_ws/install/std_msgs:/home/pboon09/microros_ws/install/statistics_msgs:/home/pboon09/microros_ws/install/rosidl_typesupport_microxrcedds_test_msg:/home/pboon09/microros_ws/install/rosidl_typesupport_microxrcedds_cpp_tests:/home/pboon09/microros_ws/install/rmw_microxrcedds:/home/pboon09/microros_ws/install/rosidl_typesupport_microxrcedds_cpp:/home/pboon09/microros_ws/install/rosidl_typesupport_microxrcedds_c_tests:/home/pboon09/microros_ws/install/rosidl_typesupport_microxrcedds_c:/home/pboon09/microros_ws/install/rosgraph_msgs:/home/pboon09/microros_ws/install/rclc_parameter:/home/pboon09/microros_ws/install/rclc:/home/pboon09/microros_ws/install/composition_interfaces:/home/pboon09/microros_ws/install/rcl_interfaces:/home/pboon09/microros_ws/install/microxrcedds_client:/home/pboon09/microros_ws/install/microcdr:/home/pboon09/microros_ws/install/micro_ros_utilities:/home/pboon09/microros_ws/install/micro_ros_setup:/home/pboon09/microros_ws/install/micro_ros_agent:/home/pboon09/microros_ws/install/micro_ros_msgs:/home/pboon09/microros_ws/install/lifecycle_msgs:/home/pboon09/microros_ws/install/complex_msgs:/home/pboon09/microros_ws/install/builtin_interfaces:/home/pboon09/ros2_ws/install/try_topic_py:/home/pboon09/ros2_ws/install/service_py:/home/pboon09/ros2_ws/install/custom_msg_py:/home/pboon09/ros2_ws/install/activity_custom_interface:/home/pboon09/ros2_ws/install/my_py_pkg:/home/pboon09/ros2_ws/install/activity_topic_node:/home/pboon09/ros2_ws/install/activity_service:/home/pboon09/microros_ws/install/sensor_msgs_py:/opt/ros/humble /usr/bin/cmake --build /home/pboon09/ros2_level2/build/my_robot_bringup -- -j12 -l12
[1.201s] DEBUG:colcon.colcon_core.event_handler.log_command:Invoked command in '/home/pboon09/ros2_level2/build/my_robot_bringup' returned '0': CMAKE_PREFIX_PATH=/home/pboon09/ros2_level2/install/my_robot_description:/home/pboon09/ros2_level2/install/my_robot_bringup:/home/pboon09/ros2_ws/install/try_topic_cpp:/home/pboon09/ros2_ws/install/service_cpp:/home/pboon09/ros2_ws/install/custom_msg_cpp:/home/pboon09/ros2_ws/install/my_robot_interfaces:/home/pboon09/ros2_ws/install/my_robot_bringup:/home/pboon09/ros2_ws/install/my_cpp_pkg:/home/pboon09/microros_ws/install/micro_ros_demos_rclc:/home/pboon09/microros_ws/install/common_interfaces:/home/pboon09/microros_ws/install/visualization_msgs:/home/pboon09/microros_ws/install/test_msgs:/home/pboon09/microros_ws/install/example_interfaces:/home/pboon09/microros_ws/install/action_msgs:/home/pboon09/microros_ws/install/unique_identifier_msgs:/home/pboon09/microros_ws/install/trajectory_msgs:/home/pboon09/microros_ws/install/stereo_msgs:/home/pboon09/microros_ws/install/std_srvs:/home/pboon09/microros_ws/install/shape_msgs:/home/pboon09/microros_ws/install/sensor_msgs:/home/pboon09/microros_ws/install/nav_msgs:/home/pboon09/microros_ws/install/diagnostic_msgs:/home/pboon09/microros_ws/install/geometry_msgs:/home/pboon09/microros_ws/install/actionlib_msgs:/home/pboon09/microros_ws/install/std_msgs:/home/pboon09/microros_ws/install/statistics_msgs:/home/pboon09/microros_ws/install/rosidl_typesupport_microxrcedds_test_msg:/home/pboon09/microros_ws/install/rosidl_typesupport_microxrcedds_cpp_tests:/home/pboon09/microros_ws/install/rmw_microxrcedds:/home/pboon09/microros_ws/install/rosidl_typesupport_microxrcedds_cpp:/home/pboon09/microros_ws/install/rosidl_typesupport_microxrcedds_c_tests:/home/pboon09/microros_ws/install/rosidl_typesupport_microxrcedds_c:/home/pboon09/microros_ws/install/rosgraph_msgs:/home/pboon09/microros_ws/install/rclc_parameter:/home/pboon09/microros_ws/install/rclc:/home/pboon09/microros_ws/install/composition_interfaces:/home/pboon09/microros_ws/install/rcl_interfaces:/home/pboon09/microros_ws/install/microxrcedds_client:/home/pboon09/microros_ws/install/microcdr:/home/pboon09/microros_ws/install/micro_ros_utilities:/home/pboon09/microros_ws/install/micro_ros_setup:/home/pboon09/microros_ws/install/micro_ros_agent:/home/pboon09/microros_ws/install/micro_ros_msgs:/home/pboon09/microros_ws/install/lifecycle_msgs:/home/pboon09/microros_ws/install/complex_msgs:/home/pboon09/microros_ws/install/builtin_interfaces:/home/pboon09/ros2_ws/install/try_topic_py:/home/pboon09/ros2_ws/install/service_py:/home/pboon09/ros2_ws/install/custom_msg_py:/home/pboon09/ros2_ws/install/activity_custom_interface:/home/pboon09/ros2_ws/install/my_py_pkg:/home/pboon09/ros2_ws/install/activity_topic_node:/home/pboon09/ros2_ws/install/activity_service:/home/pboon09/microros_ws/install/sensor_msgs_py:/opt/ros/humble /usr/bin/cmake --build /home/pboon09/ros2_level2/build/my_robot_bringup -- -j12 -l12
[1.259s] DEBUG:colcon.colcon_core.event_handler.log_command:Invoking command in '/home/pboon09/ros2_level2/build/my_robot_bringup': CMAKE_PREFIX_PATH=/home/pboon09/ros2_level2/install/my_robot_description:/home/pboon09/ros2_level2/install/my_robot_bringup:/home/pboon09/ros2_ws/install/try_topic_cpp:/home/pboon09/ros2_ws/install/service_cpp:/home/pboon09/ros2_ws/install/custom_msg_cpp:/home/pboon09/ros2_ws/install/my_robot_interfaces:/home/pboon09/ros2_ws/install/my_robot_bringup:/home/pboon09/ros2_ws/install/my_cpp_pkg:/home/pboon09/microros_ws/install/micro_ros_demos_rclc:/home/pboon09/microros_ws/install/common_interfaces:/home/pboon09/microros_ws/install/visualization_msgs:/home/pboon09/microros_ws/install/test_msgs:/home/pboon09/microros_ws/install/example_interfaces:/home/pboon09/microros_ws/install/action_msgs:/home/pboon09/microros_ws/install/unique_identifier_msgs:/home/pboon09/microros_ws/install/trajectory_msgs:/home/pboon09/microros_ws/install/stereo_msgs:/home/pboon09/microros_ws/install/std_srvs:/home/pboon09/microros_ws/install/shape_msgs:/home/pboon09/microros_ws/install/sensor_msgs:/home/pboon09/microros_ws/install/nav_msgs:/home/pboon09/microros_ws/install/diagnostic_msgs:/home/pboon09/microros_ws/install/geometry_msgs:/home/pboon09/microros_ws/install/actionlib_msgs:/home/pboon09/microros_ws/install/std_msgs:/home/pboon09/microros_ws/install/statistics_msgs:/home/pboon09/microros_ws/install/rosidl_typesupport_microxrcedds_test_msg:/home/pboon09/microros_ws/install/rosidl_typesupport_microxrcedds_cpp_tests:/home/pboon09/microros_ws/install/rmw_microxrcedds:/home/pboon09/microros_ws/install/rosidl_typesupport_microxrcedds_cpp:/home/pboon09/microros_ws/install/rosidl_typesupport_microxrcedds_c_tests:/home/pboon09/microros_ws/install/rosidl_typesupport_microxrcedds_c:/home/pboon09/microros_ws/install/rosgraph_msgs:/home/pboon09/microros_ws/install/rclc_parameter:/home/pboon09/microros_ws/install/rclc:/home/pboon09/microros_ws/install/composition_interfaces:/home/pboon09/microros_ws/install/rcl_interfaces:/home/pboon09/microros_ws/install/microxrcedds_client:/home/pboon09/microros_ws/install/microcdr:/home/pboon09/microros_ws/install/micro_ros_utilities:/home/pboon09/microros_ws/install/micro_ros_setup:/home/pboon09/microros_ws/install/micro_ros_agent:/home/pboon09/microros_ws/install/micro_ros_msgs:/home/pboon09/microros_ws/install/lifecycle_msgs:/home/pboon09/microros_ws/install/complex_msgs:/home/pboon09/microros_ws/install/builtin_interfaces:/home/pboon09/ros2_ws/install/try_topic_py:/home/pboon09/ros2_ws/install/service_py:/home/pboon09/ros2_ws/install/custom_msg_py:/home/pboon09/ros2_ws/install/activity_custom_interface:/home/pboon09/ros2_ws/install/my_py_pkg:/home/pboon09/ros2_ws/install/activity_topic_node:/home/pboon09/ros2_ws/install/activity_service:/home/pboon09/microros_ws/install/sensor_msgs_py:/opt/ros/humble /usr/bin/cmake --install /home/pboon09/ros2_level2/build/my_robot_bringup
[1.293s] Level 1:colcon.colcon_core.environment:create_environment_scripts_only(my_robot_bringup)
[1.293s] Level 1:colcon.colcon_core.environment:checking '/home/pboon09/ros2_level2/install/my_robot_bringup' for CMake module files
[1.294s] DEBUG:colcon.colcon_core.event_handler.log_command:Invoked command in '/home/pboon09/ros2_level2/build/my_robot_bringup' returned '0': CMAKE_PREFIX_PATH=/home/pboon09/ros2_level2/install/my_robot_description:/home/pboon09/ros2_level2/install/my_robot_bringup:/home/pboon09/ros2_ws/install/try_topic_cpp:/home/pboon09/ros2_ws/install/service_cpp:/home/pboon09/ros2_ws/install/custom_msg_cpp:/home/pboon09/ros2_ws/install/my_robot_interfaces:/home/pboon09/ros2_ws/install/my_robot_bringup:/home/pboon09/ros2_ws/install/my_cpp_pkg:/home/pboon09/microros_ws/install/micro_ros_demos_rclc:/home/pboon09/microros_ws/install/common_interfaces:/home/pboon09/microros_ws/install/visualization_msgs:/home/pboon09/microros_ws/install/test_msgs:/home/pboon09/microros_ws/install/example_interfaces:/home/pboon09/microros_ws/install/action_msgs:/home/pboon09/microros_ws/install/unique_identifier_msgs:/home/pboon09/microros_ws/install/trajectory_msgs:/home/pboon09/microros_ws/install/stereo_msgs:/home/pboon09/microros_ws/install/std_srvs:/home/pboon09/microros_ws/install/shape_msgs:/home/pboon09/microros_ws/install/sensor_msgs:/home/pboon09/microros_ws/install/nav_msgs:/home/pboon09/microros_ws/install/diagnostic_msgs:/home/pboon09/microros_ws/install/geometry_msgs:/home/pboon09/microros_ws/install/actionlib_msgs:/home/pboon09/microros_ws/install/std_msgs:/home/pboon09/microros_ws/install/statistics_msgs:/home/pboon09/microros_ws/install/rosidl_typesupport_microxrcedds_test_msg:/home/pboon09/microros_ws/install/rosidl_typesupport_microxrcedds_cpp_tests:/home/pboon09/microros_ws/install/rmw_microxrcedds:/home/pboon09/microros_ws/install/rosidl_typesupport_microxrcedds_cpp:/home/pboon09/microros_ws/install/rosidl_typesupport_microxrcedds_c_tests:/home/pboon09/microros_ws/install/rosidl_typesupport_microxrcedds_c:/home/pboon09/microros_ws/install/rosgraph_msgs:/home/pboon09/microros_ws/install/rclc_parameter:/home/pboon09/microros_ws/install/rclc:/home/pboon09/microros_ws/install/composition_interfaces:/home/pboon09/microros_ws/install/rcl_interfaces:/home/pboon09/microros_ws/install/microxrcedds_client:/home/pboon09/microros_ws/install/microcdr:/home/pboon09/microros_ws/install/micro_ros_utilities:/home/pboon09/microros_ws/install/micro_ros_setup:/home/pboon09/microros_ws/install/micro_ros_agent:/home/pboon09/microros_ws/install/micro_ros_msgs:/home/pboon09/microros_ws/install/lifecycle_msgs:/home/pboon09/microros_ws/install/complex_msgs:/home/pboon09/microros_ws/install/builtin_interfaces:/home/pboon09/ros2_ws/install/try_topic_py:/home/pboon09/ros2_ws/install/service_py:/home/pboon09/ros2_ws/install/custom_msg_py:/home/pboon09/ros2_ws/install/activity_custom_interface:/home/pboon09/ros2_ws/install/my_py_pkg:/home/pboon09/ros2_ws/install/activity_topic_node:/home/pboon09/ros2_ws/install/activity_service:/home/pboon09/microros_ws/install/sensor_msgs_py:/opt/ros/humble /usr/bin/cmake --install /home/pboon09/ros2_level2/build/my_robot_bringup
[1.295s] Level 1:colcon.colcon_core.environment:checking '/home/pboon09/ros2_level2/install/my_robot_bringup' for CMake config files
[1.295s] Level 1:colcon.colcon_core.shell:create_environment_hook('my_robot_bringup', 'cmake_prefix_path')
[1.295s] INFO:colcon.colcon_core.shell:Creating environment hook '/home/pboon09/ros2_level2/install/my_robot_bringup/share/my_robot_bringup/hook/cmake_prefix_path.ps1'
[1.295s] INFO:colcon.colcon_core.shell:Creating environment descriptor '/home/pboon09/ros2_level2/install/my_robot_bringup/share/my_robot_bringup/hook/cmake_prefix_path.dsv'
[1.296s] INFO:colcon.colcon_core.shell:Creating environment hook '/home/pboon09/ros2_level2/install/my_robot_bringup/share/my_robot_bringup/hook/cmake_prefix_path.sh'
[1.296s] Level 1:colcon.colcon_core.environment:checking '/home/pboon09/ros2_level2/install/my_robot_bringup/bin'
[1.296s] Level 1:colcon.colcon_core.environment:checking '/home/pboon09/ros2_level2/install/my_robot_bringup/lib/pkgconfig/my_robot_bringup.pc'
[1.296s] Level 1:colcon.colcon_core.environment:checking '/home/pboon09/ros2_level2/install/my_robot_bringup/lib/python3.10/site-packages'
[1.296s] Level 1:colcon.colcon_core.environment:checking '/home/pboon09/ros2_level2/install/my_robot_bringup/bin'
[1.297s] INFO:colcon.colcon_core.shell:Creating package script '/home/pboon09/ros2_level2/install/my_robot_bringup/share/my_robot_bringup/package.ps1'
[1.297s] INFO:colcon.colcon_core.shell:Creating package descriptor '/home/pboon09/ros2_level2/install/my_robot_bringup/share/my_robot_bringup/package.dsv'
[1.297s] INFO:colcon.colcon_core.shell:Creating package script '/home/pboon09/ros2_level2/install/my_robot_bringup/share/my_robot_bringup/package.sh'
[1.298s] INFO:colcon.colcon_core.shell:Creating package script '/home/pboon09/ros2_level2/install/my_robot_bringup/share/my_robot_bringup/package.bash'
[1.298s] INFO:colcon.colcon_core.shell:Creating package script '/home/pboon09/ros2_level2/install/my_robot_bringup/share/my_robot_bringup/package.zsh'
[1.298s] Level 1:colcon.colcon_core.environment:create_file_with_runtime_dependencies(/home/pboon09/ros2_level2/install/my_robot_bringup/share/colcon-core/packages/my_robot_bringup)
[1.354s] Level 1:colcon.colcon_core.environment:create_environment_scripts_only(my_robot_bringup)
[1.355s] Level 1:colcon.colcon_core.environment:checking '/home/pboon09/ros2_level2/install/my_robot_bringup' for CMake module files
[1.355s] Level 1:colcon.colcon_core.environment:checking '/home/pboon09/ros2_level2/install/my_robot_bringup' for CMake config files
[1.355s] Level 1:colcon.colcon_core.shell:create_environment_hook('my_robot_bringup', 'cmake_prefix_path')
[1.355s] INFO:colcon.colcon_core.shell:Creating environment hook '/home/pboon09/ros2_level2/install/my_robot_bringup/share/my_robot_bringup/hook/cmake_prefix_path.ps1'
[1.356s] INFO:colcon.colcon_core.shell:Creating environment descriptor '/home/pboon09/ros2_level2/install/my_robot_bringup/share/my_robot_bringup/hook/cmake_prefix_path.dsv'
[1.356s] INFO:colcon.colcon_core.shell:Creating environment hook '/home/pboon09/ros2_level2/install/my_robot_bringup/share/my_robot_bringup/hook/cmake_prefix_path.sh'
[1.356s] Level 1:colcon.colcon_core.environment:checking '/home/pboon09/ros2_level2/install/my_robot_bringup/bin'
[1.356s] Level 1:colcon.colcon_core.environment:checking '/home/pboon09/ros2_level2/install/my_robot_bringup/lib/pkgconfig/my_robot_bringup.pc'
[1.356s] Level 1:colcon.colcon_core.environment:checking '/home/pboon09/ros2_level2/install/my_robot_bringup/lib/python3.10/site-packages'
[1.357s] Level 1:colcon.colcon_core.environment:checking '/home/pboon09/ros2_level2/install/my_robot_bringup/bin'
[1.357s] INFO:colcon.colcon_core.shell:Creating package script '/home/pboon09/ros2_level2/install/my_robot_bringup/share/my_robot_bringup/package.ps1'
[1.357s] INFO:colcon.colcon_core.shell:Creating package descriptor '/home/pboon09/ros2_level2/install/my_robot_bringup/share/my_robot_bringup/package.dsv'
[1.358s] INFO:colcon.colcon_core.shell:Creating package script '/home/pboon09/ros2_level2/install/my_robot_bringup/share/my_robot_bringup/package.sh'
[1.358s] INFO:colcon.colcon_core.shell:Creating package script '/home/pboon09/ros2_level2/install/my_robot_bringup/share/my_robot_bringup/package.bash'
[1.358s] INFO:colcon.colcon_core.shell:Creating package script '/home/pboon09/ros2_level2/install/my_robot_bringup/share/my_robot_bringup/package.zsh'
[1.359s] Level 1:colcon.colcon_core.environment:create_file_with_runtime_dependencies(/home/pboon09/ros2_level2/install/my_robot_bringup/share/colcon-core/packages/my_robot_bringup)
[1.359s] DEBUG:colcon.colcon_parallel_executor.executor.parallel:closing loop
[1.359s] DEBUG:colcon.colcon_parallel_executor.executor.parallel:loop closed
[1.360s] DEBUG:colcon.colcon_parallel_executor.executor.parallel:run_until_complete finished with '0'
[1.360s] DEBUG:colcon.colcon_core.event_reactor:joining thread
[1.365s] INFO:colcon.colcon_core.plugin_system:Skipping extension 'colcon_notification.desktop_notification.terminal_notifier': Not used on non-Darwin systems
[1.366s] INFO:colcon.colcon_core.plugin_system:Skipping extension 'colcon_notification.desktop_notification.win32': Not used on non-Windows systems
[1.366s] INFO:colcon.colcon_notification.desktop_notification:Sending desktop notification using 'notify2'
[1.378s] DEBUG:colcon.colcon_core.event_reactor:joined thread
[1.379s] INFO:colcon.colcon_core.shell:Creating prefix script '/home/pboon09/ros2_level2/install/local_setup.ps1'
[1.380s] INFO:colcon.colcon_core.shell:Creating prefix util module '/home/pboon09/ros2_level2/install/_local_setup_util_ps1.py'
[1.382s] INFO:colcon.colcon_core.shell:Creating prefix chain script '/home/pboon09/ros2_level2/install/setup.ps1'
[1.385s] INFO:colcon.colcon_core.shell:Creating prefix script '/home/pboon09/ros2_level2/install/local_setup.sh'
[1.385s] INFO:colcon.colcon_core.shell:Creating prefix util module '/home/pboon09/ros2_level2/install/_local_setup_util_sh.py'
[1.386s] INFO:colcon.colcon_core.shell:Creating prefix chain script '/home/pboon09/ros2_level2/install/setup.sh'
[1.389s] INFO:colcon.colcon_core.shell:Creating prefix script '/home/pboon09/ros2_level2/install/local_setup.bash'
[1.389s] INFO:colcon.colcon_core.shell:Creating prefix chain script '/home/pboon09/ros2_level2/install/setup.bash'
[1.392s] INFO:colcon.colcon_core.shell:Creating prefix script '/home/pboon09/ros2_level2/install/local_setup.zsh'
[1.393s] INFO:colcon.colcon_core.shell:Creating prefix chain script '/home/pboon09/ros2_level2/install/setup.zsh'
